2019-07-17 15:47:13.778  INFO 3392 --- [restartedMain] cpsky.community.CommunityApplication     : Starting CommunityApplication on DESKTOP-LS0ILCE with PID 3392 (E:\project\ideaworkspace\community\community\target\classes started by 史锴源 in E:\project\ideaworkspace\community\community)
2019-07-17 15:47:13.781  INFO 3392 --- [restartedMain] cpsky.community.CommunityApplication     : No active profile set, falling back to default profiles: default
2019-07-17 15:47:13.911  INFO 3392 --- [restartedMain] .e.DevToolsPropertyDefaultsPostProcessor : Devtools property defaults active! Set 'spring.devtools.add-properties' to 'false' to disable
2019-07-17 15:47:13.911  INFO 3392 --- [restartedMain] .e.DevToolsPropertyDefaultsPostProcessor : For additional web related logging consider setting the 'logging.level.web' property to 'DEBUG'
2019-07-17 15:47:14.122  WARN 3392 --- [background-preinit] o.s.h.c.j.Jackson2ObjectMapperBuilder    : For Jackson Kotlin classes support please add "com.fasterxml.jackson.module:jackson-module-kotlin" to the classpath
2019-07-17 15:47:15.550  INFO 3392 --- [restartedMain] o.s.b.w.embedded.tomcat.TomcatWebServer  : Tomcat initialized with port(s): 8787 (http)
2019-07-17 15:47:15.569  INFO 3392 --- [restartedMain] o.apache.catalina.core.StandardService   : Starting service [Tomcat]
2019-07-17 15:47:15.569  INFO 3392 --- [restartedMain] org.apache.catalina.core.StandardEngine  : Starting Servlet engine: [Apache Tomcat/9.0.19]
2019-07-17 15:47:15.575  INFO 3392 --- [restartedMain] o.a.catalina.core.AprLifecycleListener   : An older version [1.2.14] of the APR based Apache Tomcat Native library is installed, while Tomcat recommends a minimum version of [1.2.21]
2019-07-17 15:47:15.575  INFO 3392 --- [restartedMain] o.a.catalina.core.AprLifecycleListener   : Loaded APR based Apache Tomcat Native library [1.2.14] using APR version [1.6.2].
2019-07-17 15:47:15.575  INFO 3392 --- [restartedMain] o.a.catalina.core.AprLifecycleListener   : APR capabilities: IPv6 [true], sendfile [true], accept filters [false], random [true].
2019-07-17 15:47:15.576  INFO 3392 --- [restartedMain] o.a.catalina.core.AprLifecycleListener   : APR/OpenSSL configuration: useAprConnector [false], useOpenSSL [true]
2019-07-17 15:47:16.634  INFO 3392 --- [restartedMain] o.a.catalina.core.AprLifecycleListener   : OpenSSL successfully initialized [OpenSSL 1.0.2l  25 May 2017]
2019-07-17 15:47:16.724  INFO 3392 --- [restartedMain] o.a.c.c.C.[Tomcat].[localhost].[/]       : Initializing Spring embedded WebApplicationContext
2019-07-17 15:47:16.724  INFO 3392 --- [restartedMain] o.s.web.context.ContextLoader            : Root WebApplicationContext: initialization completed in 2808 ms
2019-07-17 15:47:17.377  INFO 3392 --- [restartedMain] o.s.s.concurrent.ThreadPoolTaskExecutor  : Initializing ExecutorService 'applicationTaskExecutor'
2019-07-17 15:47:17.491  INFO 3392 --- [restartedMain] o.s.b.a.w.s.WelcomePageHandlerMapping    : Adding welcome page template: index
2019-07-17 15:47:17.653  INFO 3392 --- [restartedMain] o.s.b.d.a.OptionalLiveReloadServer       : LiveReload server is running on port 35729
2019-07-17 15:47:17.711  INFO 3392 --- [restartedMain] o.s.b.w.embedded.tomcat.TomcatWebServer  : Tomcat started on port(s): 8787 (http) with context path ''
2019-07-17 15:47:17.714  INFO 3392 --- [restartedMain] cpsky.community.CommunityApplication     : Started CommunityApplication in 4.762 seconds (JVM running for 6.35)
2019-07-17 15:48:07.317  INFO 14864 --- [restartedMain] cpsky.community.CommunityApplication     : Starting CommunityApplication on DESKTOP-LS0ILCE with PID 14864 (E:\project\ideaworkspace\community\community\target\classes started by 史锴源 in E:\project\ideaworkspace\community\community)
2019-07-17 15:48:07.368  INFO 14864 --- [restartedMain] cpsky.community.CommunityApplication     : No active profile set, falling back to default profiles: default
2019-07-17 15:48:07.603  INFO 14864 --- [restartedMain] .e.DevToolsPropertyDefaultsPostProcessor : Devtools property defaults active! Set 'spring.devtools.add-properties' to 'false' to disable
2019-07-17 15:48:07.604  INFO 14864 --- [restartedMain] .e.DevToolsPropertyDefaultsPostProcessor : For additional web related logging consider setting the 'logging.level.web' property to 'DEBUG'
2019-07-17 15:48:07.747  WARN 14864 --- [background-preinit] o.s.h.c.j.Jackson2ObjectMapperBuilder    : For Jackson Kotlin classes support please add "com.fasterxml.jackson.module:jackson-module-kotlin" to the classpath
2019-07-17 15:48:09.367  INFO 14864 --- [restartedMain] o.s.b.w.embedded.tomcat.TomcatWebServer  : Tomcat initialized with port(s): 8787 (http)
2019-07-17 15:48:09.387  INFO 14864 --- [restartedMain] o.apache.catalina.core.StandardService   : Starting service [Tomcat]
2019-07-17 15:48:09.387  INFO 14864 --- [restartedMain] org.apache.catalina.core.StandardEngine  : Starting Servlet engine: [Apache Tomcat/9.0.19]
2019-07-17 15:48:09.394  INFO 14864 --- [restartedMain] o.a.catalina.core.AprLifecycleListener   : An older version [1.2.14] of the APR based Apache Tomcat Native library is installed, while Tomcat recommends a minimum version of [1.2.21]
2019-07-17 15:48:09.394  INFO 14864 --- [restartedMain] o.a.catalina.core.AprLifecycleListener   : Loaded APR based Apache Tomcat Native library [1.2.14] using APR version [1.6.2].
2019-07-17 15:48:09.395  INFO 14864 --- [restartedMain] o.a.catalina.core.AprLifecycleListener   : APR capabilities: IPv6 [true], sendfile [true], accept filters [false], random [true].
2019-07-17 15:48:09.395  INFO 14864 --- [restartedMain] o.a.catalina.core.AprLifecycleListener   : APR/OpenSSL configuration: useAprConnector [false], useOpenSSL [true]
2019-07-17 15:48:10.458  INFO 14864 --- [restartedMain] o.a.catalina.core.AprLifecycleListener   : OpenSSL successfully initialized [OpenSSL 1.0.2l  25 May 2017]
2019-07-17 15:48:10.552  INFO 14864 --- [restartedMain] o.a.c.c.C.[Tomcat].[localhost].[/]       : Initializing Spring embedded WebApplicationContext
2019-07-17 15:48:10.552  INFO 14864 --- [restartedMain] o.s.web.context.ContextLoader            : Root WebApplicationContext: initialization completed in 2947 ms
2019-07-17 15:48:11.452  INFO 14864 --- [restartedMain] o.s.s.concurrent.ThreadPoolTaskExecutor  : Initializing ExecutorService 'applicationTaskExecutor'
2019-07-17 15:48:11.611  INFO 14864 --- [restartedMain] o.s.b.a.w.s.WelcomePageHandlerMapping    : Adding welcome page template: index
2019-07-17 15:48:11.791  INFO 14864 --- [restartedMain] o.s.b.d.a.OptionalLiveReloadServer       : LiveReload server is running on port 35729
2019-07-17 15:48:11.854  INFO 14864 --- [restartedMain] o.s.b.w.embedded.tomcat.TomcatWebServer  : Tomcat started on port(s): 8787 (http) with context path ''
2019-07-17 15:48:11.857  INFO 14864 --- [restartedMain] cpsky.community.CommunityApplication     : Started CommunityApplication in 5.542 seconds (JVM running for 7.152)
